info it worked if it ends with ok
verbose cli [ 'node', '/usr/bin/npm', 'install', '-g', 'npm' ]
info using npm@1.1.4
info using node@v0.6.12
verbose config file /home/extramarks/.npmrc
verbose config file /usr/etc/npmrc
verbose config file /usr/share/npm/npmrc
verbose cache add [ 'npm', null ]
silly cache add: name, spec, args [ undefined, 'npm', [ 'npm', null ] ]
verbose parsed url { pathname: 'npm', path: 'npm', href: 'npm' }
verbose addNamed [ 'npm', '' ]
verbose addNamed [ null, '' ]
silly name, range, hasData [ 'npm', '', false ]
verbose raw, before any munging npm
verbose url resolving [ 'http://registry.npmjs.org/', './npm' ]
verbose url resolved http://registry.npmjs.org/npm
verbose etag "1FMYAZK8W9R00NVUMNNMY6D33"
http GET http://registry.npmjs.org/npm
http 304 http://registry.npmjs.org/npm
silly get cb [ 304,
silly get cb   { date: 'Fri, 29 May 2015 11:52:59 GMT',
silly get cb     via: '1.1 varnish',
silly get cb     'cache-control': 'max-age=60',
silly get cb     etag: '"1FMYAZK8W9R00NVUMNNMY6D33"',
silly get cb     age: '26',
silly get cb     connection: 'keep-alive',
silly get cb     'x-served-by': 'cache-fra1240-FRA',
silly get cb     'x-cache': 'HIT',
silly get cb     'x-cache-hits': '1',
silly get cb     'x-timer': 'S1432900379.535544,VS0,VE8',
silly get cb     vary: 'Accept' } ]
verbose etag npm from cache
silly name, range, hasData 2 [ 'npm', '', true ]
silly versions [ 'npm',
silly versions   [ '1.1.25',
silly versions     '1.2.32',
silly versions     '1.3.2',
silly versions     '1.3.4',
silly versions     '1.2.20',
silly versions     '1.2.21',
silly versions     '1.2.22',
silly versions     '1.2.23',
silly versions     '1.2.24',
silly versions     '1.2.25',
silly versions     '1.2.27',
silly versions     '1.2.28',
silly versions     '1.2.30',
silly versions     '1.2.31',
silly versions     '1.3.0',
silly versions     '1.3.1',
silly versions     '1.2.19',
silly versions     '1.1.70',
silly versions     '1.1.71',
silly versions     '1.3.5',
silly versions     '1.3.6',
silly versions     '1.3.7',
silly versions     '1.3.8',
silly versions     '1.3.9',
silly versions     '1.3.10',
silly versions     '1.3.11',
silly versions     '1.3.12',
silly versions     '1.3.13',
silly versions     '1.3.14',
silly versions     '1.3.15',
silly versions     '1.3.16',
silly versions     '1.3.17',
silly versions     '1.3.18',
silly versions     '1.3.20',
silly versions     '1.3.21',
silly versions     '1.3.22',
silly versions     '1.3.23',
silly versions     '1.3.24',
silly versions     '1.3.25',
silly versions     '1.3.26',
silly versions     '2.0.0',
silly versions     '2.0.1',
silly versions     '2.0.2',
silly versions     '2.1.0',
silly versions     '2.1.1',
silly versions     '2.1.2',
silly versions     '2.1.3',
silly versions     '2.1.4',
silly versions     '2.1.5',
silly versions     '2.1.6',
silly versions     '2.1.7',
silly versions     '2.1.8',
silly versions     '2.1.9',
silly versions     '2.1.10',
silly versions     '2.1.11',
silly versions     '2.1.12',
silly versions     '2.1.13',
silly versions     '2.1.14',
silly versions     '2.1.15',
silly versions     '2.1.16',
silly versions     '2.1.17',
silly versions     '2.1.18',
silly versions     '2.2.0',
silly versions     '2.3.0',
silly versions     '2.4.0',
silly versions     '2.4.1',
silly versions     '2.5.0',
silly versions     '2.5.1',
silly versions     '2.6.0',
silly versions     '2.6.1',
silly versions     '2.7.0',
silly versions     '2.7.1',
silly versions     '2.7.2',
silly versions     '2.7.3',
silly versions     '2.7.4',
silly versions     '2.7.5',
silly versions     '2.7.6',
silly versions     '2.8.0',
silly versions     '2.8.1',
silly versions     '2.8.2',
silly versions     '2.8.3',
silly versions     '2.8.4',
silly versions     '2.9.0',
silly versions     '2.9.1',
silly versions     '2.10.0',
silly versions     '2.10.1',
silly versions     '2.11.0',
silly versions     '2.11.1' ] ]
verbose bin dist [ '0.6-ares1.7.5-evundefined-openssl1.0.1-v83.7.12.22-linux-ia32-3.2.0-29-generic-pae',
verbose bin dist   { shasum: 'ff1b5c893a5c89c2e45ace822ca0121490aedd59',
verbose bin dist     tarball: 'http://registry.npmjs.org/npm/-/npm-2.11.0.tgz' } ]
verbose caching /home/extramarks/.npm/npm/2.11.0/package/package.json
verbose loadDefaults npm@2.11.0
silly resolved [ { version: '2.11.0',
silly resolved     name: 'npm',
silly resolved     description: 'a package manager for JavaScript',
silly resolved     keywords: [ 'package manager', 'modules', 'install', 'package.json' ],
silly resolved     preferGlobal: true,
silly resolved     config: { publishtest: false },
silly resolved     homepage: 'https://docs.npmjs.com/',
silly resolved     author: 
silly resolved      { name: 'Isaac Z. Schlueter',
silly resolved        email: 'i@izs.me',
silly resolved        url: 'http://blog.izs.me' },
silly resolved     repository: { type: 'git', url: 'git://github.com/npm/npm.git' },
silly resolved     bugs: { url: 'http://github.com/npm/npm/issues' },
silly resolved     directories: { doc: './doc', man: './man', lib: './lib', bin: './bin' },
silly resolved     main: './lib/npm.js',
silly resolved     bin: { npm: './bin/npm-cli.js' },
silly resolved     dependencies: 
silly resolved      { abbrev: '~1.0.6',
silly resolved        ansi: '~0.3.0',
silly resolved        'ansi-regex': '~1.1.1',
silly resolved        ansicolors: '~0.3.2',
silly resolved        ansistyles: '~0.1.3',
silly resolved        archy: '~1.0.0',
silly resolved        'async-some': '~1.0.2',
silly resolved        'block-stream': '0.0.8',
silly resolved        'char-spinner': '~1.0.1',
silly resolved        chmodr: '~0.1.1',
silly resolved        chownr: '0.0.2',
silly resolved        'cmd-shim': '~2.0.1',
silly resolved        columnify: '~1.5.1',
silly resolved        'config-chain': '~1.1.8',
silly resolved        dezalgo: '~1.0.2',
silly resolved        editor: '~1.0.0',
silly resolved        'fs-vacuum': '~1.2.6',
silly resolved        'fs-write-stream-atomic': '~1.0.3',
silly resolved        fstream: '~1.0.6',
silly resolved        'fstream-npm': '~1.0.2',
silly resolved        'github-url-from-git': '~1.4.0',
silly resolved        'github-url-from-username-repo': '~1.0.2',
silly resolved        glob: '~5.0.7',
silly resolved        'graceful-fs': '~3.0.7',
silly resolved        'hosted-git-info': '~2.1.4',
silly resolved        inflight: '~1.0.4',
silly resolved        inherits: '~2.0.1',
silly resolved        ini: '~1.3.3',
silly resolved        'init-package-json': '~1.6.0',
silly resolved        lockfile: '~1.0.1',
silly resolved        'lru-cache': '~2.6.4',
silly resolved        minimatch: '~2.0.8',
silly resolved        mkdirp: '~0.5.1',
silly resolved        'node-gyp': '~1.0.3',
silly resolved        nopt: '~3.0.2',
silly resolved        'normalize-git-url': '~1.0.1',
silly resolved        'normalize-package-data': '~2.2.0',
silly resolved        'npm-cache-filename': '~1.0.1',
silly resolved        'npm-install-checks': '~1.0.5',
silly resolved        'npm-package-arg': '~4.0.1',
silly resolved        'npm-registry-client': '~6.4.0',
silly resolved        'npm-user-validate': '~0.1.2',
silly resolved        npmlog: '~1.2.1',
silly resolved        once: '~1.3.2',
silly resolved        opener: '~1.4.1',
silly resolved        osenv: '~0.1.1',
silly resolved        'path-is-inside': '~1.0.0',
silly resolved        read: '~1.0.6',
silly resolved        'read-installed': '~4.0.0',
silly resolved        'read-package-json': '~2.0.0',
silly resolved        'readable-stream': '~1.0.33',
silly resolved        'realize-package-specifier': '~3.0.1',
silly resolved        request: '~2.55.0',
silly resolved        retry: '~0.6.1',
silly resolved        rimraf: '~2.3.4',
silly resolved        semver: '~4.3.4',
silly resolved        sha: '~1.3.0',
silly resolved        slide: '~1.1.6',
silly resolved        'sorted-object': '~1.0.0',
silly resolved        spdx: '~0.4.0',
silly resolved        'strip-ansi': '~2.0.1',
silly resolved        tar: '~2.1.1',
silly resolved        'text-table': '~0.2.0',
silly resolved        'uid-number': '0.0.6',
silly resolved        umask: '~1.1.0',
silly resolved        'validate-npm-package-name': '2.2.0',
silly resolved        which: '~1.1.1',
silly resolved        wrappy: '~1.0.1',
silly resolved        'write-file-atomic': '~1.1.2' },
silly resolved     bundleDependencies: 
silly resolved      [ 'abbrev',
silly resolved        'ansi-regex',
silly resolved        'ansi',
silly resolved        'ansicolors',
silly resolved        'ansistyles',
silly resolved        'archy',
silly resolved        'async-some',
silly resolved        'block-stream',
silly resolved        'char-spinner',
silly resolved        'chmodr',
silly resolved        'chownr',
silly resolved        'cmd-shim',
silly resolved        'columnify',
silly resolved        'config-chain',
silly resolved        'dezalgo',
silly resolved        'editor',
silly resolved        'fs-vacuum',
silly resolved        'fs-write-stream-atomic',
silly resolved        'fstream',
silly resolved        'fstream-npm',
silly resolved        'github-url-from-git',
silly resolved        'github-url-from-username-repo',
silly resolved        'glob',
silly resolved        'graceful-fs',
silly resolved        'hosted-git-info',
silly resolved        'inflight',
silly resolved        'inherits',
silly resolved        'ini',
silly resolved        'init-package-json',
silly resolved        'lockfile',
silly resolved        'lru-cache',
silly resolved        'minimatch',
silly resolved        'mkdirp',
silly resolved        'node-gyp',
silly resolved        'nopt',
silly resolved        'normalize-git-url',
silly resolved        'normalize-package-data',
silly resolved        'npm-cache-filename',
silly resolved        'npm-install-checks',
silly resolved        'npm-package-arg',
silly resolved        'npm-registry-client',
silly resolved        'npm-user-validate',
silly resolved        'npmlog',
silly resolved        'once',
silly resolved        'opener',
silly resolved        'osenv',
silly resolved        'path-is-inside',
silly resolved        'read',
silly resolved        'read-installed',
silly resolved        'read-package-json',
silly resolved        'readable-stream',
silly resolved        'realize-package-specifier',
silly resolved        'request',
silly resolved        'retry',
silly resolved        'rimraf',
silly resolved        'semver',
silly resolved        'sha',
silly resolved        'slide',
silly resolved        'sorted-object',
silly resolved        'spdx',
silly resolved        'strip-ansi',
silly resolved        'tar',
silly resolved        'text-table',
silly resolved        'uid-number',
silly resolved        'umask',
silly resolved        'validate-npm-package-name',
silly resolved        'which',
silly resolved        'wrappy',
silly resolved        'write-file-atomic' ],
silly resolved     devDependencies: 
silly resolved      { 'deep-equal': '~1.0.0',
silly resolved        marked: '~0.3.3',
silly resolved        'marked-man': '~0.1.4',
silly resolved        nock: '~2.2.0',
silly resolved        'npm-registry-couchapp': '~2.6.7',
silly resolved        'npm-registry-mock': '~1.0.0',
silly resolved        'require-inject': '~1.2.0',
silly resolved        'sprintf-js': '~1.0.2',
silly resolved        tap: '~1.1.0' },
silly resolved     scripts: 
silly resolved      { 'test-legacy': 'node ./test/run.js',
silly resolved        test: 'tap --timeout 240 test/tap/*.js',
silly resolved        tap: 'tap --timeout 240 test/tap/*.js',
silly resolved        'test-all': 'npm run test-legacy && npm test',
silly resolved        preversion: 'cd .. && bash scripts/update-authors.sh && git add AUTHORS && git commit -m "update AUTHORS" || true',
silly resolved        prepublish: 'node bin/npm-cli.js prune --prefix=. --no-global && rimraf test/*/*/node_modules && make -j4 doc',
silly resolved        dumpconf: 'env | grep npm | sort | uniq' },
silly resolved     license: 'Artistic-2.0',
silly resolved     _id: 'npm@2.11.0',
silly resolved     contributors: 
silly resolved      [ { name: 'Isaac Z. Schlueter', email: 'i@izs.me' },
silly resolved        { name: 'Steve Steiner', email: 'ssteinerX@gmail.com' },
silly resolved        { name: 'Mikeal Rogers', email: 'mikeal.rogers@gmail.com' },
silly resolved        { name: 'Aaron Blohowiak', email: 'aaron.blohowiak@gmail.com' },
silly resolved        { name: 'Martyn Smith', email: 'martyn@dollyfish.net.nz' },
silly resolved        { name: 'Charlie Robbins', email: 'charlie.robbins@gmail.com' },
silly resolved        { name: 'Francisco Treacy',
silly resolved          email: 'francisco.treacy@gmail.com' },
silly resolved        { name: 'Cliffano Subagio', email: 'cliffano@gmail.com' },
silly resolved        { name: 'Christian Eager', email: 'christian.eager@nokia.com' },
silly resolved        { name: 'Dav Glass', email: 'davglass@gmail.com' },
silly resolved        { name: 'Alex K. Wolfe', email: 'alexkwolfe@gmail.com' },
silly resolved        { name: 'James Sanders', email: 'jimmyjazz14@gmail.com' },
silly resolved        { name: 'Reid Burke', email: 'me@reidburke.com' },
silly resolved        { name: 'Arlo Breault', email: 'arlolra@gmail.com' },
silly resolved        { name: 'Timo Derstappen', email: 'teemow@gmail.com' },
silly resolved        { name: 'Bart Teeuwisse',
silly resolved          email: 'bart.teeuwisse@thecodemill.biz' },
silly resolved        { name: 'Ben Noordhuis', email: 'info@bnoordhuis.nl' },
silly resolved        { name: 'Tor Valamo', email: 'tor.valamo@gmail.com' },
silly resolved        { name: 'Whyme.Lyu', email: '5longluna@gmail.com' },
silly resolved        { name: 'Olivier Melcher', email: 'olivier.melcher@gmail.com' },
silly resolved        { name: 'Tomaž Muraus', email: 'kami@k5-storitve.net' },
silly resolved        { name: 'Evan Meagher', email: 'evan.meagher@gmail.com' },
silly resolved        { name: 'Orlando Vazquez', email: 'ovazquez@gmail.com' },
silly resolved        { name: 'Kai Chen', email: 'kaichenxyz@gmail.com' },
silly resolved        { name: 'George Miroshnykov', email: 'gmiroshnykov@lohika.com' },
silly resolved        { name: 'Geoff Flarity', email: 'geoff.flarity@gmail.com' },
silly resolved        { name: 'Max Goodman', email: 'c@chromakode.com' },
silly resolved        { name: 'Pete Kruckenberg', email: 'pete@kruckenberg.com' },
silly resolved        { name: 'Laurie Harper', email: 'laurie@holoweb.net' },
silly resolved        { name: 'Chris Wong', email: 'chris@chriswongstudio.com' },
silly resolved        { name: 'Scott Bronson', email: 'brons_github@rinspin.com' },
silly resolved        { name: 'Federico Romero', email: 'federomero@gmail.com' },
silly resolved        { name: 'Visnu Pitiyanuvath', email: 'visnupx@gmail.com' },
silly resolved        { name: 'Irakli Gozalishvili', email: 'rfobic@gmail.com' },
silly resolved        { name: 'Mark Cahill', email: 'mark@tiemonster.info' },
silly resolved        { name: 'Tony', email: 'zearin@gonk.net' },
silly resolved        { name: 'Iain Sproat', email: 'iainsproat@gmail.com' },
silly resolved        { name: 'Trent Mick', email: 'trentm@gmail.com' },
silly resolved        { name: 'Felix Geisendörfer', email: 'felix@debuggable.com' },
silly resolved        { name: 'Jameson Little', email: 't.jameson.little@gmail.com' },
silly resolved        { name: 'Conny Brunnkvist', email: 'conny@fuchsia.se' },
silly resolved        { name: 'Will Elwood', email: 'w.elwood08@gmail.com' },
silly resolved        { name: 'Dean Landolt', email: 'dean@deanlandolt.com' },
silly resolved        { name: 'Oleg Efimov', email: 'efimovov@gmail.com' },
silly resolved        { name: 'Martin Cooper', email: 'mfncooper@gmail.com' },
silly resolved        { name: 'Jann Horn', email: 'jannhorn@googlemail.com' },
silly resolved        { name: 'Andrew Bradley', email: 'cspotcode@gmail.com' },
silly resolved        { name: 'Maciej Małecki', email: 'me@mmalecki.com' },
silly resolved        { name: 'Stephen Sugden', email: 'glurgle@gmail.com' },
silly resolved        { name: 'Michael Budde', email: 'mbudde@gmail.com' },
silly resolved        { name: 'Jason Smith', email: 'jhs@iriscouch.com' },
silly resolved        { name: 'Gautham Pai', email: 'buzypi@gmail.com' },
silly resolved        { name: 'David Trejo', email: 'david.daniel.trejo@gmail.com' },
silly resolved        { name: 'Paul Vorbach', email: 'paul@vorb.de' },
silly resolved        { name: 'George Ornbo', email: 'george@shapeshed.com' },
silly resolved        { name: 'Tim Oxley', email: 'secoif@gmail.com' },
silly resolved        { name: 'Tyler Green', email: 'tyler.green2@gmail.com' },
silly resolved        { name: 'Dave Pacheco', email: 'dap@joyent.com' },
silly resolved        { name: 'atomizer', email: 'danila.gerasimov@gmail.com' },
silly resolved        { name: 'Rod Vagg', email: 'rod@vagg.org' },
silly resolved        { name: 'Christian Howe', email: 'coderarity@gmail.com' },
silly resolved        { name: 'Andrew Lunny', email: 'alunny@gmail.com' },
silly resolved        { name: 'Henrik Hodne', email: 'dvyjones@binaryhex.com' },
silly resolved        { name: 'Adam Blackburn', email: 'regality@gmail.com' },
silly resolved        { name: 'Kris Windham', email: 'kriswindham@gmail.com' },
silly resolved        { name: 'Jens Grunert', email: 'jens.grunert@gmail.com' },
silly resolved        { name: 'Joost-Wim Boekesteijn',
silly resolved          email: 'joost-wim@boekesteijn.nl' },
silly resolved        { name: 'Dalmais Maxence',
silly resolved          email: 'root@ip-10-195-202-5.ec2.internal' },
silly resolved        { name: 'Marcus Ekwall', email: 'marcus.ekwall@gmail.com' },
silly resolved        { name: 'Aaron Stacy', email: 'aaron.r.stacy@gmail.com' },
silly resolved        { name: 'Phillip Howell', email: 'phowell@cothm.org' },
silly resolved        { name: 'Domenic Denicola',
silly resolved          email: 'domenic@domenicdenicola.com' },
silly resolved        { name: 'James Halliday', email: 'mail@substack.net' },
silly resolved        { name: 'Jeremy Cantrell', email: 'jmcantrell@gmail.com' },
silly resolved        { name: 'Trent Mick', email: 'trent.mick@joyent.com' },
silly resolved        { name: 'Ribettes', email: 'patlogan29@gmail.com' },
silly resolved        { name: 'Don Park', email: 'donpark@docuverse.com' },
silly resolved        { name: 'Einar Otto Stangvik', email: 'einaros@gmail.com' },
silly resolved        { name: 'Kei Son', email: 'heyacct@gmail.com' },
silly resolved        { name: 'Nicolas Morel', email: 'marsup@gmail.com' },
silly resolved        { name: 'Mark Dube', email: 'markisdee@gmail.com' },
silly resolved        { name: 'Nathan Rajlich', email: 'nathan@tootallnate.net' },
silly resolved        { name: 'Maxim Bogushevich', email: 'boga1@mail.ru' },
silly resolved        { name: 'Meaglin', email: 'Meaglin.wasabi@gmail.com' },
silly resolved        { name: 'Ben Evans', email: 'ben@bensbit.co.uk' },
silly resolved        { name: 'Nathan Zadoks', email: 'nathan@nathan7.eu' },
silly resolved        { name: 'Brian White', email: 'mscdex@mscdex.net' },
silly resolved        { name: 'Jed Schmidt', email: 'tr@nslator.jp' },
silly resolved        { name: 'Ian Livingstone', email: 'ianl@cs.dal.ca' },
silly resolved        { name: 'Patrick Pfeiffer', email: 'patrick@buzzle.at' },
silly resolved        { name: 'Paul Miller', email: 'paul@paulmillr.com' },
silly resolved        { name: 'Ryan Emery', email: 'seebees@gmail.com' },
silly resolved        { name: 'Carl Lange', email: 'carl@flax.ie' },
silly resolved        { name: 'Jan Lehnardt', email: 'jan@apache.org' },
silly resolved        { name: 'Stuart P. Bentley', email: 'stuart@testtrack4.com' },
silly resolved        { name: 'Johan Sköld', email: 'johan@skold.cc' },
silly resolved        { name: 'Stuart Knightley', email: 'stuart@stuartk.com' },
silly resolved        { name: 'Niggler', email: 'nirk.niggler@gmail.com' },
silly resolved        { name: 'Paolo Fragomeni', email: 'paolo@async.ly' },
silly resolved        { name: 'Jaakko Manninen', email: 'jaakko@rocketpack.fi' },
silly resolved        { name: 'Luke Arduini', email: 'luke.arduini@gmail.com' },
silly resolved        { name: 'Larz Conwell',
silly resolved          email: 'larz@larz-laptop.(none)',
silly resolved          url: 'none' },
silly resolved        { name: 'Marcel Klehr', email: 'mklehr@gmx.net' },
silly resolved        { name: 'Robert Kowalski', email: 'rok@kowalski.gd' },
silly resolved        { name: 'Forbes Lindesay', email: 'forbes@lindesay.co.uk' },
silly resolved        { name: 'Vaz Allen', email: 'vaz@tryptid.com' },
silly resolved        { name: 'Jake Verbaten', email: 'raynos2@gmail.com' },
silly resolved        { name: 'Schabse Laks', email: 'Dev@SLaks.net' },
silly resolved        { name: 'Florian Margaine', email: 'florian@margaine.com' },
silly resolved        { name: 'Johan Nordberg', email: 'its@johan-nordberg.com' },
silly resolved        { name: 'Ian Babrou', email: 'ibobrik@gmail.com' },
silly resolved        { name: 'Di Wu', email: 'dwu@palantir.com' },
silly resolved        { name: 'Mathias Bynens', email: 'mathias@qiwi.be' },
silly resolved        { name: 'Matt McClure', email: 'matt.mcclure@mapmyfitness.com' },
silly resolved        { name: 'Matt Lunn', email: 'matt@mattlunn.me.uk' },
silly resolved        { name: 'Alexey Kreschuk', email: 'akrsch@gmail.com' },
silly resolved        { name: 'elisee', email: 'elisee@sparklin.org' },
silly resolved        { name: 'Robert Gieseke', email: 'robert.gieseke@gmail.com' },
silly resolved        { name: 'François Frisch', email: 'francoisfrisch@gmail.com' },
silly resolved        { name: 'Trevor Burnham', email: 'tburnham@hubspot.com' },
silly resolved        { name: 'Alan Shaw',
silly resolved          email: 'alan@freestyle-developments.co.uk' },
silly resolved        { name: 'TJ Holowaychuk', email: 'tj@vision-media.ca' },
silly resolved        { name: 'Luke Arduini', email: 'luke.arduini@me.com' },
silly resolved        { name: 'Nicholas Kinsey', email: 'pyro@feisty.io' },
silly resolved        { name: 'Paulo Cesar', email: 'pauloc062@gmail.com' },
silly resolved        { name: 'Elan Shanker', email: 'elan.shanker@gmail.com' },
silly resolved        { name: 'Jon Spencer', email: 'jon@jonspencer.ca' },
silly resolved        { name: 'Jason Diamond', email: 'jason@diamond.name' },
silly resolved        { name: 'Maximilian Antoni', email: 'mail@maxantoni.de' },
silly resolved        { name: 'Thom Blake', email: 'tblake@brightroll.com' },
silly resolved        { name: 'Jess Martin', email: 'jessmartin@gmail.com' },
silly resolved        { name: 'Spain Train', email: 'michael.spainhower@opower.com' },
silly resolved        { name: 'Alex Rodionov', email: 'p0deje@gmail.com' },
silly resolved        { name: 'Matt Colyer', email: 'matt@colyer.name' },
silly resolved        { name: 'Evan You', email: 'yyx990803@gmail.com' },
silly resolved        { name: 'bitspill', email: 'bitspill+github@bitspill.net' },
silly resolved        { name: 'Gabriel Falkenberg',
silly resolved          email: 'gabriel.falkenberg@gmail.com' },
silly resolved        { name: 'Alexej Yaroshevich', email: 'alex@qfox.ru' },
silly resolved        { name: 'Quim Calpe', email: 'quim@kalpe.com' },
silly resolved        { name: 'Steve Mason', email: 'stevem@brandwatch.com' },
silly resolved        { name: 'Wil Moore III', email: 'wil.moore@wilmoore.com' },
silly resolved        { name: 'Sergey Belov', email: 'peimei@ya.ru' },
silly resolved        { name: 'Tom Huang', email: 'hzlhu.dargon@gmail.com' },
silly resolved        { name: 'CamilleM', email: 'camille.moulin@alterway.fr' },
silly resolved        { name: 'Sébastien Santoro', email: 'dereckson@espace-win.org' },
silly resolved        { name: 'Evan Lucas', email: 'evan@btc.com' },
silly resolved        { name: 'Quinn Slack', email: 'qslack@qslack.com' },
silly resolved        { name: 'Alex Kocharin', email: 'alex@kocharin.ru' },
silly resolved        { name: 'Daniel Santiago',
silly resolved          email: 'daniel.santiago@highlevelwebs.com' },
silly resolved        { name: 'Denis Gladkikh', email: 'outcoldman@gmail.com' },
silly resolved        { name: 'Andrew Horton', email: 'andrew.j.horton@gmail.com' },
silly resolved        { name: 'Zeke Sikelianos', email: 'zeke@sikelianos.com' },
silly resolved        { name: 'Dylan Greene', email: 'dylang@gmail.com' },
silly resolved        { name: 'Franck Cuny', email: 'franck.cuny@gmail.com' },
silly resolved        { name: 'Yeonghoon Park', email: 'sola92@gmail.com' },
silly resolved        { name: 'Rafael de Oleza', email: 'rafa@spotify.com' },
silly resolved        { name: 'Mikola Lysenko', email: 'mikolalysenko@gmail.com' },
silly resolved        { name: 'Yazhong Liu', email: 'yorkiefixer@gmail.com' },
silly resolved        { name: 'Younghoon Park', email: 'sola92@gmail.com' },
silly resolved        { name: 'Neil Gentleman', email: 'ngentleman@gmail.com' },
silly resolved        { name: 'Kris Kowal', email: 'kris.kowal@cixar.com' },
silly resolved        { name: 'Alex Gorbatchev', email: 'alex.gorbatchev@gmail.com' },
silly resolved        { name: 'Shawn Wildermuth', email: 'shawn@wildermuth.com' },
silly resolved        { name: 'Wesley de Souza', email: 'wesleywex@gmail.com' },
silly resolved        { name: 'yoyoyogi', email: 'yogesh.k@gmail.com' },
silly resolved        { name: 'J. Tangelder', email: 'j.tangelder@gmail.com' },
silly resolved        { name: 'Jean Lauliac', email: 'jean@lauliac.com' },
silly resolved        { name: 'Andrey Kislyuk', email: 'kislyuk@gmail.com' },
silly resolved        { name: 'Thorsten Lorenz', email: 'thlorenz@gmx.de' },
silly resolved        { name: 'Julian Gruber', email: 'julian@juliangruber.com' },
silly resolved        { name: 'Benjamin Coe', email: 'bencoe@gmail.com' },
silly resolved        { name: 'Alex Ford', email: 'Alex.Ford@CodeTunnel.com' },
silly resolved        { name: 'Matt Hickford', email: 'matt.hickford@gmail.com' },
silly resolved        { name: 'Sean McGivern', email: 'sean.mcgivern@rightscale.com' },
silly resolved        { name: 'C J Silverio', email: 'ceejceej@gmail.com' },
silly resolved        { name: 'Robin Tweedie', email: 'robin@songkick.com' },
silly resolved        { name: 'Miroslav Bajtoš', email: 'miroslav@strongloop.com' },
silly resolved        { name: 'David Glasser', email: 'glasser@davidglasser.net' },
silly resolved        { name: 'Gianluca Casati', email: 'casati_gianluca@yahoo.it' },
silly resolved        { name: 'Forrest L Norvell', email: 'ogd@aoaioxxysz.net' },
silly resolved        { name: 'Karsten Tinnefeld',
silly resolved          email: 'k.tinnefeld@googlemail.com' },
silly resolved        { name: 'Bryan Burgers', email: 'bryan@burgers.io' },
silly resolved        { name: 'David Beitey', email: 'david@davidjb.com' },
silly resolved        { name: 'Evan You', email: 'yyou@google.com' },
silly resolved        { name: 'Zach Pomerantz', email: 'zmp@umich.edu' },
silly resolved        { name: 'Chris Williams', email: 'cwilliams88@gmail.com' },
silly resolved        { name: 'sudodoki', email: 'smd.deluzion@gmail.com' },
silly resolved        { name: 'Mick Thompson', email: 'dthompson@gmail.com' },
silly resolved        { name: 'Felix Rabe', email: 'felix@rabe.io' },
silly resolved        { name: 'Michael Hayes', email: 'michael@hayes.io' },
silly resolved        { name: 'Chris Dickinson',
silly resolved          email: 'christopher.s.dickinson@gmail.com' },
silly resolved        { name: 'Bradley Meck', email: 'bradley.meck@gmail.com' },
silly resolved        { name: 'GeJ', email: 'geraud@gcu.info' },
silly resolved        { name: 'Andrew Terris', email: 'atterris@gmail.com' },
silly resolved        { name: 'Michael Nisi', email: 'michael.nisi@gmail.com' },
silly resolved        { name: 'fengmk2', email: 'fengmk2@gmail.com' },
silly resolved        { name: 'Adam Meadows', email: 'adam.meadows@gmail.com' },
silly resolved        { name: 'Chulki Lee', email: 'chulki.lee@gmail.com' },
silly resolved        { name: '不四', email: 'busi.hyy@taobao.com' },
silly resolved        { name: 'dead_horse', email: 'dead_horse@qq.com' },
silly resolved        { name: 'Kenan Yildirim', email: 'kenan@kenany.me' },
silly resolved        { name: 'Laurie Voss', email: 'git@seldo.com' },
silly resolved        { name: 'Rebecca Turner', email: 'me@re-becca.org' },
silly resolved        { name: 'Hunter Loftis', email: 'hunter@hunterloftis.com' },
silly resolved        { name: 'Peter Richardson', email: 'github@zoomy.net' },
silly resolved        { name: 'Jussi Kalliokoski',
silly resolved          email: 'jussi.kalliokoski@gmail.com' },
silly resolved        { name: 'Filip Weiss', email: 'me@fiws.net' },
silly resolved        { name: 'timoweiss', email: 'timoweiss@Timo-MBP.local' },
silly resolved        { name: 'Christopher Hiller', email: 'chiller@badwing.com' },
silly resolved        { name: 'Jérémy Lal', email: 'kapouer@melix.org' },
silly resolved        { name: 'Anders Janmyr', email: 'anders@janmyr.com' },
silly resolved        { name: 'Chris Meyers', email: 'chris.meyers.fsu@gmail.com' },
silly resolved        { name: 'Ludwig Magnusson', email: 'ludwig@mediatool.com' },
silly resolved        { name: 'wmertens', email: 'Wout.Mertens@gmail.com' },
silly resolved        { name: 'Nick Santos', email: 'nick@medium.com' },
silly resolved        { name: 'Terin Stock', email: 'terinjokes@gmail.com' },
silly resolved        { name: 'Faiq Raza', email: 'faiqrazarizvi@gmail.com' },
silly resolved        { name: 'Thomas Torp', email: 'thomas@erupt.no' },
silly resolved        { name: 'Sam Mikes', email: 'smikes@cubane.com' },
silly resolved        { name: 'Mat Tyndall', email: 'mat.tyndall@gmail.com' },
silly resolved        { name: 'Tauren Mills', email: 'tauren@sportzing.com' },
silly resolved        { name: 'Ron Martinez', email: 'ramartin.net@gmail.com' },
silly resolved        { name: 'Kazuhito Hokamura', email: 'k.hokamura@gmail.com' },
silly resolved        { name: 'Tristan Davies', email: 'github@tristan.io' },
silly resolved        { name: 'David Volm', email: 'david@volminator.com' },
silly resolved        { name: 'Lin Clark', email: 'lin.w.clark@gmail.com' },
silly resolved        { name: 'Ben Page', email: 'bpage@dewalch.com' },
silly resolved        { name: 'Jeff Jo', email: 'jeffjo@squareup.com' },
silly resolved        { name: 'martinvd', email: 'martinvdpub@gmail.com' },
silly resolved        { name: 'Mark J. Titorenko',
silly resolved          email: 'nospam-github.com@titorenko.net' },
silly resolved        { name: 'Oddur Sigurdsson', email: 'oddurs@gmail.com' },
silly resolved        { name: 'Eric Mill', email: 'eric@konklone.com' },
silly resolved        { name: 'Gabriel Barros', email: 'descartavel1@gmail.com' },
silly resolved        { name: 'KevinSheedy', email: 'kevinsheedy@gmail.com' },
silly resolved        { name: 'Aleksey Smolenchuk', email: 'aleksey@uber.com' },
silly resolved        { name: 'Ed Morley', email: 'emorley@mozilla.com' },
silly resolved        { name: 'Blaine Bublitz', email: 'blaine@iceddev.com' },
silly resolved        { name: 'Andrey Fedorov', email: 'anfedorov@gmail.com' },
silly resolved        { name: 'Daijiro Wachi', email: 'daijiro.wachi@gmail.com' },
silly resolved        { name: 'Luc Thevenard', email: 'lucthevenard@gmail.com' },
silly resolved        { name: 'Aria Stewart', email: 'aredridel@nbtsc.org' },
silly resolved        { name: 'Charlie Rudolph',
silly resolved          email: 'charles.w.rudolph@gmail.com' },
silly resolved        { name: 'Vladimir Rutsky',
silly resolved          email: 'rutsky@users.noreply.github.com' },
silly resolved        { name: 'Isaac Murchie', email: 'isaac@saucelabs.com' },
silly resolved        { name: 'Marcin Wosinek', email: 'marcin.wosinek@gmail.com' },
silly resolved        { name: 'David Marr', email: 'davemarr@gmail.com' },
silly resolved        { name: 'Bryan English', email: 'bryan@bryanenglish.com' },
silly resolved        { name: 'Anthony Zotti',
silly resolved          email: 'amZotti@users.noreply.github.com' },
silly resolved        { name: 'Karl Horky', email: 'karl.horky@gmail.com' },
silly resolved        { name: 'Jordan Harband', email: 'ljharb@gmail.com' },
silly resolved        { name: 'Guðlaugur Stefán Egilsson', email: 'gulli@kolibri.is' },
silly resolved        { name: 'Helge Skogly Holm', email: 'helge.holm@gmail.com' },
silly resolved        { name: 'Peter A. Shevtsov', email: 'petr.shevtsov@gmail.com' },
silly resolved        { name: 'Alain Kalker', email: 'a.c.kalker@gmail.com' },
silly resolved        { name: 'Bryant Williams', email: 'b.n.williams@gmail.com' },
silly resolved        { name: 'Jonas Weber', email: 'github@jonasw.de' },
silly resolved        { name: 'Tim Whidden', email: 'twhid@twhid.com' },
silly resolved        { name: 'Andreas', email: 'functino@users.noreply.github.com' },
silly resolved        { name: 'Karolis Narkevicius', email: 'karolis.n@gmail.com' },
silly resolved        { name: 'Adrian Lynch', email: 'adi_ady_ade@hotmail.com' },
silly resolved        { name: 'Richard Littauer',
silly resolved          email: 'richard.littauer@gmail.com' },
silly resolved        { name: 'Oli Evans', email: 'oli@zilla.org.uk' },
silly resolved        { name: 'Matt Brennan', email: 'mattyb1000@gmail.com' },
silly resolved        { name: 'Jeff Barczewski', email: 'jeff.barczewski@gmail.com' },
silly resolved        { name: 'Danny Fritz', email: 'dannyfritz@gmail.com' },
silly resolved        { name: 'Takaya Kobayashi', email: 'jigsaw@live.jp' },
silly resolved        { name: 'Ra\'Shaun Stovall', email: 'rashaunstovall@gmail.com' },
silly resolved        { name: 'Julien Meddah', email: 'julien.meddah@deveryware.com' },
silly resolved        { name: 'Michiel Sikma', email: 'michiel@wedemandhtml.com' },
silly resolved        { name: 'Jakob Krigovsky', email: 'jakob.krigovsky@gmail.com' },
silly resolved        { name: 'Charmander', email: '~@charmander.me' },
silly resolved        { name: 'erik wienhold', email: 'git@ewie.name' },
silly resolved        { name: 'James Butler', email: 'james.butler@sandfox.co.uk' },
silly resolved        { name: 'Kevin Kragenbrink', email: 'kevin@gaikai.com' },
silly resolved        { name: 'Arnaud Rinquin', email: 'rinquin.arnaud@gmail.com' },
silly resolved        { name: 'Mike MacCana', email: 'mike.maccana@gmail.com' },
silly resolved        { name: 'Antti Mattila', email: 'anttti@fastmail.fm' },
silly resolved        { name: 'laiso', email: 'laiso@lai.so' },
silly resolved        { name: 'Matt Zorn', email: 'zornme@gmail.com' },
silly resolved        { name: 'Kyle Mitchell', email: 'kyle@kemitchell.com' },
silly resolved        { name: 'Michael Hayes', email: 'mhayes@newrelic.com' },
silly resolved        { name: 'Benjamin Coe', email: 'ben@npmjs.com' },
silly resolved        { name: 'Jeremiah Senkpiel',
silly resolved          email: 'fishrock123@rocketmail.com' },
silly resolved        { name: 'Michael Klein',
silly resolved          email: 'mischkl@users.noreply.github.com' },
silly resolved        { name: 'Simen Bekkhus', email: 'sbekkhus91@gmail.com' },
silly resolved        { name: 'Victor', email: 'victor.shih@gmail.com' },
silly resolved        { name: 'thefourtheye', email: 'thechargingvolcano@gmail.com' },
silly resolved        { name: 'Clay Carpenter', email: 'claycarpenter@gmail.com' },
silly resolved        { name: 'bangbang93', email: 'bangbang93@163.com' } ],
silly resolved     optionalDependencies: {},
silly resolved     engines: { node: '*' },
silly resolved     _engineSupported: true,
silly resolved     _npmVersion: '1.1.4',
silly resolved     _nodeVersion: 'v0.6.12',
silly resolved     _defaultsLoaded: true,
silly resolved     man: 
silly resolved      [ 'man/man3/npm-ls.3',
silly resolved        'man/man3/npm-test.3',
silly resolved        'man/man3/npm-start.3',
silly resolved        'man/man3/npm-search.3',
silly resolved        'man/man3/npm-cache.3',
silly resolved        'man/man3/npm-version.3',
silly resolved        'man/man3/npm-outdated.3',
silly resolved        'man/man3/npm-repo.3',
silly resolved        'man/man3/npm-unpublish.3',
silly resolved        'man/man3/npm-publish.3',
silly resolved        'man/man3/npm-install.3',
silly resolved        'man/man3/npm-prefix.3',
silly resolved        'man/man3/npm-prune.3',
silly resolved        'man/man3/npm-whoami.3',
silly resolved        'man/man3/npm-deprecate.3',
silly resolved        'man/man3/npm-update.3',
silly resolved        'man/man3/npm-root.3',
silly resolved        'man/man3/npm-bin.3',
silly resolved        'man/man3/npm-config.3',
silly resolved        'man/man3/npm-view.3',
silly resolved        'man/man3/npm-init.3',
silly resolved        'man/man3/npm-explore.3',
silly resolved        'man/man3/npm-uninstall.3',
silly resolved        'man/man3/npm-run-script.3',
silly resolved        'man/man3/npm-help-search.3',
silly resolved        'man/man3/npm-edit.3',
silly resolved        'man/man3/npm-load.3',
silly resolved        'man/man3/npm-stop.3',
silly resolved        'man/man3/npm.3',
silly resolved        'man/man3/npm-shrinkwrap.3',
silly resolved        'man/man3/npm-tag.3',
silly resolved        'man/man3/npm-rebuild.3',
silly resolved        'man/man3/npm-owner.3',
silly resolved        'man/man3/npm-link.3',
silly resolved        'man/man3/npm-restart.3',
silly resolved        'man/man3/npm-docs.3',
silly resolved        'man/man3/npm-pack.3',
silly resolved        'man/man3/npm-bugs.3',
silly resolved        'man/man3/npm-commands.3',
silly resolved        'man/man1/npm-publish.1',
silly resolved        'man/man1/npm-star.1',
silly resolved        'man/man1/npm-help.1',
silly resolved        'man/man1/npm-unpublish.1',
silly resolved        'man/man1/npm-run-script.1',
silly resolved        'man/man1/npm-deprecate.1',
silly resolved        'man/man1/npm-docs.1',
silly resolved        'man/man1/npm-link.1',
silly resolved        'man/man1/npm-dedupe.1',
silly resolved        'man/man1/npm-outdated.1',
silly resolved        'man/man1/npm-search.1',
silly resolved        'man/man1/npm-build.1',
silly resolved        'man/man1/npm-ls.1',
silly resolved        'man/man1/npm-test.1',
silly resolved        'man/man1/npm-dist-tag.1',
silly resolved        'man/man1/npm-stop.1',
silly resolved        'man/man1/npm-adduser.1',
silly resolved        'man/man1/npm-version.1',
silly resolved        'man/man1/npm-tag.1',
silly resolved        'man/man1/npm-shrinkwrap.1',
silly resolved        'man/man1/npm-config.1',
silly resolved        'man/man1/npm-prune.1',
silly resolved        'man/man1/npm-restart.1',
silly resolved        'man/man1/npm-update.1',
silly resolved        'man/man1/npm-help-search.1',
silly resolved        'man/man1/npm-edit.1',
silly resolved        'man/man1/npm-whoami.1',
silly resolved        'man/man1/npm-install.1',
silly resolved        'man/man1/npm-rm.1',
silly resolved        'man/man1/npm-prefix.1',
silly resolved        'man/man1/npm-pack.1',
silly resolved        'man/man1/npm-README.1',
silly resolved        'man/man1/npm-view.1',
silly resolved        'man/man1/npm-bin.1',
silly resolved        'man/man1/npm-access.1',
silly resolved        'man/man1/npm-start.1',
silly resolved        'man/man1/npm.1',
silly resolved        'man/man1/npm-completion.1',
silly resolved        'man/man1/npm-explore.1',
silly resolved        'man/man1/npm-stars.1',
silly resolved        'man/man1/npm-repo.1',
silly resolved        'man/man1/npm-bundle.1',
silly resolved        'man/man1/npm-uninstall.1',
silly resolved        'man/man1/npm-rebuild.1',
silly resolved        'man/man1/npm-logout.1',
silly resolved        'man/man1/npm-root.1',
silly resolved        'man/man1/npm-cache.1',
silly resolved        'man/man1/npm-owner.1',
silly resolved        'man/man1/npm-bugs.1',
silly resolved        'man/man1/npm-init.1',
silly resolved        'man/man5/npmrc.5',
silly resolved        'man/man5/package.json.5',
silly resolved        'man/man5/npm-global.5',
silly resolved        'man/man5/npm-folders.5',
silly resolved        'man/man5/npm-json.5',
silly resolved        'man/man7/npm-config.7',
silly resolved        'man/man7/npm-scripts.7',
silly resolved        'man/man7/npm-developers.7',
silly resolved        'man/man7/npm-coding-style.7',
silly resolved        'man/man7/semver.7',
silly resolved        'man/man7/npm-faq.7',
silly resolved        'man/man7/npm-disputes.7',
silly resolved        'man/man7/npm-index.7',
silly resolved        'man/man7/removing-npm.7',
silly resolved        'man/man7/npm-scope.7',
silly resolved        'man/man7/npm-registry.7' ],
silly resolved     _from: 'npm' } ]
info into /usr/local/lib npm@2.11.0
info installOne npm@2.11.0
verbose from cache /home/extramarks/.npm/npm/2.11.0/package/package.json
info unbuild /usr/local/lib/node_modules/npm
verbose mkdir (expected) error ENOENT, no such file or directory '/usr/local/lib/node_modules'
verbose unpack_ uid, gid [ undefined, undefined ]
verbose unpackTarget /usr/local/lib/node_modules/npm
ERR! Could not create /usr/local/lib/node_modules/___npm.npm
ERR! error installing npm@2.11.0
info unbuild /usr/local/lib/node_modules/npm
verbose installOne cb npm@2.11.0
ERR! Error: EACCES, permission denied '/usr/local/lib/node_modules'
ERR! 
ERR! Please try running this command again as root/Administrator.
ERR! 
ERR! System Linux 3.2.0-29-generic-pae
ERR! command "node" "/usr/bin/npm" "install" "-g" "npm"
ERR! cwd /opt/lampp/htdocs/nodejs/servicelist
ERR! node -v v0.6.12
ERR! npm -v 1.1.4
ERR! path /usr/local/lib/node_modules
ERR! code EACCES
ERR! message EACCES, permission denied '/usr/local/lib/node_modules'
ERR! errno {}
verbose exit [ 1, true ]
